<?xml version="1.0" encoding="UTF-8"?>
<testng-results ignored="0" total="1" passed="1" failed="0" skipped="0">
  <reporter-output>
  </reporter-output>
  <suite started-at="2021-05-04T09:11:04 BST" name="Default suite" finished-at="2021-05-04T09:11:06 BST" duration-ms="2628">
    <groups>
    </groups>
    <test started-at="2021-05-04T09:11:04 BST" name="Default test" finished-at="2021-05-04T09:11:06 BST" duration-ms="2628">
      <class name="ListOfArticles.GET_Request">
        <test-method signature="getArticles()[pri:0, instance:ListOfArticles.GET_Request@72cde7cc]" started-at="2021-05-04T09:11:04 BST" name="getArticles" finished-at="2021-05-04T09:11:06 BST" duration-ms="2591" status="PASS">
          <reporter-output>
          </reporter-output>
        </test-method> <!-- getArticles -->
      </class> <!-- ListOfArticles.GET_Request -->
    </test> <!-- Default test -->
  </suite> <!-- Default suite -->
</testng-results>
