<?xml version="1.0" encoding="UTF-8"?>
<testng-results ignored="0" total="1" passed="1" failed="0" skipped="0">
  <reporter-output>
  </reporter-output>
  <suite started-at="2021-05-04T07:26:12 BST" name="Default suite" finished-at="2021-05-04T07:26:14 BST" duration-ms="1714">
    <groups>
    </groups>
    <test started-at="2021-05-04T07:26:12 BST" name="Default test" finished-at="2021-05-04T07:26:14 BST" duration-ms="1714">
      <class name="ListOfArticles.GET_RequestResponseTime">
        <test-method signature="getResponseTime()[pri:0, instance:ListOfArticles.GET_RequestResponseTime@29e495ff]" started-at="2021-05-04T07:26:12 BST" name="getResponseTime" finished-at="2021-05-04T07:26:14 BST" duration-ms="1688" status="PASS">
          <reporter-output>
          </reporter-output>
        </test-method> <!-- getResponseTime -->
      </class> <!-- ListOfArticles.GET_RequestResponseTime -->
    </test> <!-- Default test -->
  </suite> <!-- Default suite -->
</testng-results>
